{"/Users/utxodetective/proj/ow/ow-cli/packages/core/src/address.ts": {"path":"/Users/utxodetective/proj/ow/ow-cli/packages/core/src/address.ts","all":false,"statementMap":{"0":{"start":{"line":1,"column":0},"end":{"line":1,"column":40}},"3":{"start":{"line":4,"column":0},"end":{"line":4,"column":57}},"5":{"start":{"line":6,"column":0},"end":{"line":6,"column":29}},"6":{"start":{"line":7,"column":0},"end":{"line":7,"column":26}},"7":{"start":{"line":8,"column":0},"end":{"line":8,"column":3}},"9":{"start":{"line":10,"column":0},"end":{"line":10,"column":29}},"10":{"start":{"line":11,"column":0},"end":{"line":11,"column":17}},"11":{"start":{"line":12,"column":0},"end":{"line":12,"column":3}},"12":{"start":{"line":13,"column":0},"end":{"line":13,"column":64}},"13":{"start":{"line":14,"column":0},"end":{"line":14,"column":1}},"15":{"start":{"line":16,"column":0},"end":{"line":16,"column":66}},"16":{"start":{"line":17,"column":0},"end":{"line":17,"column":31}},"17":{"start":{"line":18,"column":0},"end":{"line":18,"column":30}},"19":{"start":{"line":20,"column":0},"end":{"line":20,"column":10}},"20":{"start":{"line":21,"column":0},"end":{"line":21,"column":27}},"21":{"start":{"line":22,"column":0},"end":{"line":22,"column":24}},"22":{"start":{"line":23,"column":0},"end":{"line":23,"column":26}},"23":{"start":{"line":24,"column":0},"end":{"line":24,"column":3}},"24":{"start":{"line":25,"column":0},"end":{"line":25,"column":1}}},"s":{"0":1,"3":1,"5":13,"6":11,"7":11,"9":7,"10":1,"11":1,"12":1,"13":1,"15":1,"16":10,"17":10,"19":10,"20":10,"21":10,"22":10,"23":10,"24":10},"branchMap":{"0":{"type":"branch","line":4,"loc":{"start":{"line":4,"column":7},"end":{"line":14,"column":1}},"locations":[{"start":{"line":4,"column":7},"end":{"line":14,"column":1}}]},"1":{"type":"branch","line":6,"loc":{"start":{"line":6,"column":28},"end":{"line":8,"column":3}},"locations":[{"start":{"line":6,"column":28},"end":{"line":8,"column":3}}]},"2":{"type":"branch","line":8,"loc":{"start":{"line":8,"column":2},"end":{"line":14,"column":1}},"locations":[{"start":{"line":8,"column":2},"end":{"line":14,"column":1}}]},"3":{"type":"branch","line":8,"loc":{"start":{"line":8,"column":2},"end":{"line":10,"column":28}},"locations":[{"start":{"line":8,"column":2},"end":{"line":10,"column":28}}]},"4":{"type":"branch","line":10,"loc":{"start":{"line":10,"column":28},"end":{"line":14,"column":1}},"locations":[{"start":{"line":10,"column":28},"end":{"line":14,"column":1}}]},"5":{"type":"branch","line":16,"loc":{"start":{"line":16,"column":7},"end":{"line":25,"column":1}},"locations":[{"start":{"line":16,"column":7},"end":{"line":25,"column":1}}]}},"b":{"0":[13],"1":[11],"2":[7],"3":[2],"4":[1],"5":[10]},"fnMap":{"0":{"name":"toXOnly","decl":{"start":{"line":4,"column":7},"end":{"line":14,"column":1}},"loc":{"start":{"line":4,"column":7},"end":{"line":14,"column":1}},"line":4},"1":{"name":"publicKeyToP2TR","decl":{"start":{"line":16,"column":7},"end":{"line":25,"column":1}},"loc":{"start":{"line":16,"column":7},"end":{"line":25,"column":1}},"line":16}},"f":{"0":13,"1":10}}
,"/Users/utxodetective/proj/ow/ow-cli/packages/core/src/index.ts": {"path":"/Users/utxodetective/proj/ow/ow-cli/packages/core/src/index.ts","all":true,"statementMap":{"0":{"start":{"line":1,"column":0},"end":{"line":1,"column":99}}},"s":{"0":0},"branchMap":{"0":{"type":"branch","line":1,"loc":{"start":{"line":1,"column":328},"end":{"line":4,"column":91}},"locations":[{"start":{"line":1,"column":328},"end":{"line":4,"column":91}}]}},"b":{"0":[0]},"fnMap":{"0":{"name":"(empty-report)","decl":{"start":{"line":1,"column":328},"end":{"line":4,"column":91}},"loc":{"start":{"line":1,"column":328},"end":{"line":4,"column":91}},"line":1}},"f":{"0":0}}
,"/Users/utxodetective/proj/ow/ow-cli/packages/core/src/keys.ts": {"path":"/Users/utxodetective/proj/ow/ow-cli/packages/core/src/keys.ts","all":false,"statementMap":{"0":{"start":{"line":1,"column":0},"end":{"line":1,"column":36}},"11":{"start":{"line":12,"column":0},"end":{"line":12,"column":41}},"13":{"start":{"line":14,"column":0},"end":{"line":14,"column":44}},"14":{"start":{"line":15,"column":0},"end":{"line":15,"column":35}},"15":{"start":{"line":16,"column":0},"end":{"line":16,"column":1}},"17":{"start":{"line":18,"column":0},"end":{"line":18,"column":61}},"18":{"start":{"line":19,"column":0},"end":{"line":19,"column":42}},"19":{"start":{"line":20,"column":0},"end":{"line":20,"column":1}},"21":{"start":{"line":22,"column":0},"end":{"line":22,"column":64}},"22":{"start":{"line":23,"column":0},"end":{"line":23,"column":36}},"23":{"start":{"line":24,"column":0},"end":{"line":24,"column":39}},"24":{"start":{"line":25,"column":0},"end":{"line":25,"column":3}},"25":{"start":{"line":26,"column":0},"end":{"line":26,"column":43}},"26":{"start":{"line":27,"column":0},"end":{"line":27,"column":43}},"27":{"start":{"line":28,"column":0},"end":{"line":28,"column":48}},"29":{"start":{"line":30,"column":0},"end":{"line":30,"column":28}},"30":{"start":{"line":31,"column":0},"end":{"line":31,"column":51}},"31":{"start":{"line":32,"column":0},"end":{"line":32,"column":3}},"33":{"start":{"line":34,"column":0},"end":{"line":34,"column":55}},"34":{"start":{"line":35,"column":0},"end":{"line":35,"column":54}},"35":{"start":{"line":36,"column":0},"end":{"line":36,"column":62}},"37":{"start":{"line":38,"column":0},"end":{"line":38,"column":50}},"38":{"start":{"line":39,"column":0},"end":{"line":39,"column":1}},"40":{"start":{"line":41,"column":0},"end":{"line":41,"column":54}},"41":{"start":{"line":42,"column":0},"end":{"line":42,"column":35}},"42":{"start":{"line":43,"column":0},"end":{"line":43,"column":55}},"43":{"start":{"line":44,"column":0},"end":{"line":44,"column":62}},"45":{"start":{"line":46,"column":0},"end":{"line":46,"column":50}},"46":{"start":{"line":47,"column":0},"end":{"line":47,"column":1}},"48":{"start":{"line":49,"column":0},"end":{"line":49,"column":84}},"50":{"start":{"line":51,"column":0},"end":{"line":51,"column":45}},"52":{"start":{"line":53,"column":0},"end":{"line":53,"column":14}},"53":{"start":{"line":54,"column":0},"end":{"line":54,"column":27}},"54":{"start":{"line":55,"column":0},"end":{"line":55,"column":45}},"55":{"start":{"line":56,"column":0},"end":{"line":56,"column":69}},"56":{"start":{"line":57,"column":0},"end":{"line":57,"column":33}},"57":{"start":{"line":58,"column":0},"end":{"line":58,"column":3}},"62":{"start":{"line":63,"column":0},"end":{"line":63,"column":55}},"63":{"start":{"line":64,"column":0},"end":{"line":64,"column":44}},"65":{"start":{"line":66,"column":0},"end":{"line":66,"column":28}},"66":{"start":{"line":67,"column":0},"end":{"line":67,"column":42}},"68":{"start":{"line":69,"column":0},"end":{"line":69,"column":79}},"71":{"start":{"line":72,"column":0},"end":{"line":72,"column":36}},"72":{"start":{"line":73,"column":0},"end":{"line":73,"column":34}},"73":{"start":{"line":74,"column":0},"end":{"line":74,"column":38}},"74":{"start":{"line":75,"column":0},"end":{"line":75,"column":31}},"75":{"start":{"line":76,"column":0},"end":{"line":76,"column":34}},"76":{"start":{"line":77,"column":0},"end":{"line":77,"column":45}},"77":{"start":{"line":78,"column":0},"end":{"line":78,"column":5}},"78":{"start":{"line":79,"column":0},"end":{"line":79,"column":3}},"81":{"start":{"line":82,"column":0},"end":{"line":82,"column":29}},"82":{"start":{"line":83,"column":0},"end":{"line":83,"column":1}}},"s":{"0":1,"11":1,"13":1,"14":5,"15":5,"17":1,"18":24,"19":24,"21":1,"22":19,"23":1,"24":1,"25":18,"26":18,"27":18,"29":19,"30":0,"31":0,"33":18,"34":18,"35":18,"37":18,"38":18,"40":1,"41":6,"42":6,"43":6,"45":6,"46":6,"48":1,"50":6,"52":6,"53":6,"54":261,"55":261,"56":260,"57":260,"62":6,"63":6,"65":6,"66":6,"68":6,"71":6,"72":6,"73":6,"74":6,"75":20,"76":1,"77":1,"78":20,"81":4,"82":4},"branchMap":{"0":{"type":"branch","line":14,"loc":{"start":{"line":14,"column":7},"end":{"line":16,"column":1}},"locations":[{"start":{"line":14,"column":7},"end":{"line":16,"column":1}}]},"1":{"type":"branch","line":18,"loc":{"start":{"line":18,"column":7},"end":{"line":20,"column":1}},"locations":[{"start":{"line":18,"column":7},"end":{"line":20,"column":1}}]},"2":{"type":"branch","line":22,"loc":{"start":{"line":22,"column":7},"end":{"line":39,"column":1}},"locations":[{"start":{"line":22,"column":7},"end":{"line":39,"column":1}}]},"3":{"type":"branch","line":23,"loc":{"start":{"line":23,"column":35},"end":{"line":25,"column":3}},"locations":[{"start":{"line":23,"column":35},"end":{"line":25,"column":3}}]},"4":{"type":"branch","line":25,"loc":{"start":{"line":25,"column":2},"end":{"line":30,"column":27}},"locations":[{"start":{"line":25,"column":2},"end":{"line":30,"column":27}}]},"5":{"type":"branch","line":30,"loc":{"start":{"line":30,"column":27},"end":{"line":32,"column":3}},"locations":[{"start":{"line":30,"column":27},"end":{"line":32,"column":3}}]},"6":{"type":"branch","line":32,"loc":{"start":{"line":32,"column":2},"end":{"line":39,"column":1}},"locations":[{"start":{"line":32,"column":2},"end":{"line":39,"column":1}}]},"7":{"type":"branch","line":41,"loc":{"start":{"line":41,"column":7},"end":{"line":47,"column":1}},"locations":[{"start":{"line":41,"column":7},"end":{"line":47,"column":1}}]},"8":{"type":"branch","line":51,"loc":{"start":{"line":51,"column":0},"end":{"line":83,"column":1}},"locations":[{"start":{"line":51,"column":0},"end":{"line":83,"column":1}}]},"9":{"type":"branch","line":54,"loc":{"start":{"line":54,"column":26},"end":{"line":58,"column":3}},"locations":[{"start":{"line":54,"column":26},"end":{"line":58,"column":3}}]},"10":{"type":"branch","line":56,"loc":{"start":{"line":56,"column":20},"end":{"line":56,"column":69}},"locations":[{"start":{"line":56,"column":20},"end":{"line":56,"column":69}}]},"11":{"type":"branch","line":56,"loc":{"start":{"line":56,"column":68},"end":{"line":58,"column":3}},"locations":[{"start":{"line":56,"column":68},"end":{"line":58,"column":3}}]},"12":{"type":"branch","line":58,"loc":{"start":{"line":58,"column":2},"end":{"line":63,"column":41}},"locations":[{"start":{"line":58,"column":2},"end":{"line":63,"column":41}}]},"13":{"type":"branch","line":63,"loc":{"start":{"line":63,"column":34},"end":{"line":63,"column":55}},"locations":[{"start":{"line":63,"column":34},"end":{"line":63,"column":55}}]},"14":{"type":"branch","line":64,"loc":{"start":{"line":64,"column":22},"end":{"line":64,"column":42}},"locations":[{"start":{"line":64,"column":22},"end":{"line":64,"column":42}}]},"15":{"type":"branch","line":64,"loc":{"start":{"line":64,"column":37},"end":{"line":64,"column":44}},"locations":[{"start":{"line":64,"column":37},"end":{"line":64,"column":44}}]},"16":{"type":"branch","line":75,"loc":{"start":{"line":75,"column":30},"end":{"line":79,"column":3}},"locations":[{"start":{"line":75,"column":30},"end":{"line":79,"column":3}}]},"17":{"type":"branch","line":76,"loc":{"start":{"line":76,"column":33},"end":{"line":78,"column":5}},"locations":[{"start":{"line":76,"column":33},"end":{"line":78,"column":5}}]},"18":{"type":"branch","line":79,"loc":{"start":{"line":79,"column":2},"end":{"line":83,"column":1}},"locations":[{"start":{"line":79,"column":2},"end":{"line":83,"column":1}}]},"19":{"type":"branch","line":69,"loc":{"start":{"line":69,"column":55},"end":{"line":69,"column":77}},"locations":[{"start":{"line":69,"column":55},"end":{"line":69,"column":77}}]}},"b":{"0":[5],"1":[24],"2":[19],"3":[1],"4":[18],"5":[0],"6":[18],"7":[6],"8":[6],"9":[261],"10":[1],"11":[260],"12":[5],"13":[0],"14":[5],"15":[0],"16":[20],"17":[1],"18":[4],"19":[190]},"fnMap":{"0":{"name":"generateMnemonic","decl":{"start":{"line":14,"column":7},"end":{"line":16,"column":1}},"loc":{"start":{"line":14,"column":7},"end":{"line":16,"column":1}},"line":14},"1":{"name":"validateMnemonic","decl":{"start":{"line":18,"column":7},"end":{"line":20,"column":1}},"loc":{"start":{"line":18,"column":7},"end":{"line":20,"column":1}},"line":18},"2":{"name":"keypairFromMnemonic","decl":{"start":{"line":22,"column":7},"end":{"line":39,"column":1}},"loc":{"start":{"line":22,"column":7},"end":{"line":39,"column":1}},"line":22},"3":{"name":"keypairFromWIF","decl":{"start":{"line":41,"column":7},"end":{"line":47,"column":1}},"loc":{"start":{"line":41,"column":7},"end":{"line":47,"column":1}},"line":41},"4":{"name":"decodeWIF","decl":{"start":{"line":51,"column":0},"end":{"line":83,"column":1}},"loc":{"start":{"line":51,"column":0},"end":{"line":83,"column":1}},"line":51}},"f":{"0":5,"1":24,"2":19,"3":6,"4":6}}
,"/Users/utxodetective/proj/ow/ow-cli/packages/core/src/signer.ts": {"path":"/Users/utxodetective/proj/ow/ow-cli/packages/core/src/signer.ts","all":false,"statementMap":{"0":{"start":{"line":1,"column":0},"end":{"line":1,"column":40}},"5":{"start":{"line":6,"column":0},"end":{"line":6,"column":53}},"6":{"start":{"line":7,"column":0},"end":{"line":7,"column":46}},"7":{"start":{"line":8,"column":0},"end":{"line":8,"column":43}},"8":{"start":{"line":9,"column":0},"end":{"line":9,"column":49}},"9":{"start":{"line":10,"column":0},"end":{"line":10,"column":3}},"10":{"start":{"line":11,"column":0},"end":{"line":11,"column":14}},"11":{"start":{"line":12,"column":0},"end":{"line":12,"column":1}},"13":{"start":{"line":14,"column":0},"end":{"line":14,"column":55}},"14":{"start":{"line":15,"column":0},"end":{"line":15,"column":26}},"15":{"start":{"line":16,"column":0},"end":{"line":16,"column":48}},"16":{"start":{"line":17,"column":0},"end":{"line":17,"column":13}},"17":{"start":{"line":18,"column":0},"end":{"line":18,"column":1}},"19":{"start":{"line":20,"column":0},"end":{"line":20,"column":80}},"20":{"start":{"line":21,"column":0},"end":{"line":21,"column":77}},"21":{"start":{"line":22,"column":0},"end":{"line":22,"column":20}},"22":{"start":{"line":23,"column":0},"end":{"line":23,"column":57}},"23":{"start":{"line":24,"column":0},"end":{"line":24,"column":3}},"24":{"start":{"line":25,"column":0},"end":{"line":25,"column":18}},"25":{"start":{"line":26,"column":0},"end":{"line":26,"column":1}},"27":{"start":{"line":28,"column":0},"end":{"line":28,"column":57}},"28":{"start":{"line":29,"column":0},"end":{"line":29,"column":77}},"30":{"start":{"line":31,"column":0},"end":{"line":31,"column":57}},"31":{"start":{"line":32,"column":0},"end":{"line":32,"column":33}},"32":{"start":{"line":33,"column":0},"end":{"line":33,"column":4}},"34":{"start":{"line":35,"column":0},"end":{"line":35,"column":47}},"35":{"start":{"line":36,"column":0},"end":{"line":36,"column":38}},"36":{"start":{"line":37,"column":0},"end":{"line":37,"column":59}},"38":{"start":{"line":39,"column":0},"end":{"line":39,"column":35}},"41":{"start":{"line":42,"column":0},"end":{"line":42,"column":39}},"42":{"start":{"line":43,"column":0},"end":{"line":43,"column":37}},"43":{"start":{"line":44,"column":0},"end":{"line":44,"column":32}},"44":{"start":{"line":45,"column":0},"end":{"line":45,"column":64}},"45":{"start":{"line":46,"column":0},"end":{"line":46,"column":32}},"47":{"start":{"line":48,"column":0},"end":{"line":48,"column":54}},"48":{"start":{"line":49,"column":0},"end":{"line":49,"column":3}},"52":{"start":{"line":53,"column":0},"end":{"line":53,"column":39}},"53":{"start":{"line":54,"column":0},"end":{"line":54,"column":37}},"54":{"start":{"line":55,"column":0},"end":{"line":55,"column":32}},"55":{"start":{"line":56,"column":0},"end":{"line":56,"column":64}},"56":{"start":{"line":57,"column":0},"end":{"line":57,"column":32}},"58":{"start":{"line":59,"column":0},"end":{"line":59,"column":9}},"59":{"start":{"line":60,"column":0},"end":{"line":60,"column":44}},"60":{"start":{"line":61,"column":0},"end":{"line":61,"column":13}},"62":{"start":{"line":63,"column":0},"end":{"line":63,"column":5}},"63":{"start":{"line":64,"column":0},"end":{"line":64,"column":3}},"69":{"start":{"line":70,"column":0},"end":{"line":70,"column":39}},"70":{"start":{"line":71,"column":0},"end":{"line":71,"column":37}},"71":{"start":{"line":72,"column":0},"end":{"line":72,"column":32}},"72":{"start":{"line":73,"column":0},"end":{"line":73,"column":64}},"73":{"start":{"line":74,"column":0},"end":{"line":74,"column":32}},"75":{"start":{"line":76,"column":0},"end":{"line":76,"column":37}},"76":{"start":{"line":77,"column":0},"end":{"line":77,"column":20}},"78":{"start":{"line":79,"column":0},"end":{"line":79,"column":93}},"79":{"start":{"line":80,"column":0},"end":{"line":80,"column":5}},"80":{"start":{"line":81,"column":0},"end":{"line":81,"column":3}},"82":{"start":{"line":83,"column":0},"end":{"line":83,"column":23}},"83":{"start":{"line":84,"column":0},"end":{"line":84,"column":34}},"84":{"start":{"line":85,"column":0},"end":{"line":85,"column":3}},"86":{"start":{"line":87,"column":0},"end":{"line":87,"column":15}},"87":{"start":{"line":88,"column":0},"end":{"line":88,"column":1}},"89":{"start":{"line":90,"column":0},"end":{"line":90,"column":33}},"90":{"start":{"line":91,"column":0},"end":{"line":91,"column":25}},"91":{"start":{"line":92,"column":0},"end":{"line":92,"column":24}},"92":{"start":{"line":93,"column":0},"end":{"line":93,"column":19}},"93":{"start":{"line":94,"column":0},"end":{"line":94,"column":22}},"94":{"start":{"line":95,"column":0},"end":{"line":95,"column":23}},"96":{"start":{"line":97,"column":0},"end":{"line":97,"column":32}},"97":{"start":{"line":98,"column":0},"end":{"line":98,"column":19}},"98":{"start":{"line":99,"column":0},"end":{"line":99,"column":15}},"99":{"start":{"line":100,"column":0},"end":{"line":100,"column":14}},"100":{"start":{"line":101,"column":0},"end":{"line":101,"column":26}},"101":{"start":{"line":102,"column":0},"end":{"line":102,"column":4}},"104":{"start":{"line":105,"column":0},"end":{"line":105,"column":66}},"105":{"start":{"line":106,"column":0},"end":{"line":106,"column":30}},"108":{"start":{"line":109,"column":0},"end":{"line":109,"column":72}},"109":{"start":{"line":110,"column":0},"end":{"line":110,"column":33}},"110":{"start":{"line":111,"column":0},"end":{"line":111,"column":4}},"112":{"start":{"line":113,"column":0},"end":{"line":113,"column":38}},"113":{"start":{"line":114,"column":0},"end":{"line":114,"column":53}},"114":{"start":{"line":115,"column":0},"end":{"line":115,"column":40}},"115":{"start":{"line":116,"column":0},"end":{"line":116,"column":27}},"116":{"start":{"line":117,"column":0},"end":{"line":117,"column":75}},"117":{"start":{"line":118,"column":0},"end":{"line":118,"column":52}},"118":{"start":{"line":119,"column":0},"end":{"line":119,"column":5}},"119":{"start":{"line":120,"column":0},"end":{"line":120,"column":3}},"122":{"start":{"line":123,"column":0},"end":{"line":123,"column":35}},"123":{"start":{"line":124,"column":0},"end":{"line":124,"column":42}},"124":{"start":{"line":125,"column":0},"end":{"line":125,"column":15}},"125":{"start":{"line":126,"column":0},"end":{"line":126,"column":14}},"126":{"start":{"line":127,"column":0},"end":{"line":127,"column":26}},"127":{"start":{"line":128,"column":0},"end":{"line":128,"column":4}},"129":{"start":{"line":130,"column":0},"end":{"line":130,"column":10}},"130":{"start":{"line":131,"column":0},"end":{"line":131,"column":16}},"131":{"start":{"line":132,"column":0},"end":{"line":132,"column":19}},"132":{"start":{"line":133,"column":0},"end":{"line":133,"column":3}},"133":{"start":{"line":134,"column":0},"end":{"line":134,"column":1}}},"s":{"0":1,"5":1,"6":8,"7":8,"8":1477,"9":1477,"10":8,"11":8,"13":1,"14":40,"15":40,"16":40,"17":40,"19":9,"20":9,"21":9,"22":9,"23":9,"24":0,"25":0,"27":1,"28":3,"30":3,"31":3,"32":3,"34":3,"35":3,"36":3,"38":3,"41":3,"42":4,"43":3,"44":3,"45":3,"47":3,"48":3,"52":3,"53":4,"54":3,"55":3,"56":3,"58":3,"59":3,"60":4,"62":0,"63":4,"69":3,"70":4,"71":3,"72":3,"73":3,"75":3,"76":3,"78":3,"79":3,"80":4,"82":3,"83":2,"84":2,"86":1,"87":1,"89":1,"90":0,"91":0,"92":0,"93":0,"94":0,"96":0,"97":0,"98":0,"99":0,"100":0,"101":0,"104":0,"105":0,"108":0,"109":0,"110":0,"112":0,"113":0,"114":0,"115":0,"116":0,"117":0,"118":0,"119":0,"122":0,"123":0,"124":0,"125":0,"126":0,"127":0,"129":0,"130":0,"131":0,"132":0,"133":0},"branchMap":{"0":{"type":"branch","line":6,"loc":{"start":{"line":6,"column":7},"end":{"line":12,"column":1}},"locations":[{"start":{"line":6,"column":7},"end":{"line":12,"column":1}}]},"1":{"type":"branch","line":8,"loc":{"start":{"line":8,"column":42},"end":{"line":10,"column":3}},"locations":[{"start":{"line":8,"column":42},"end":{"line":10,"column":3}}]},"2":{"type":"branch","line":14,"loc":{"start":{"line":14,"column":7},"end":{"line":18,"column":1}},"locations":[{"start":{"line":14,"column":7},"end":{"line":18,"column":1}}]},"3":{"type":"branch","line":16,"loc":{"start":{"line":16,"column":9},"end":{"line":16,"column":47}},"locations":[{"start":{"line":16,"column":9},"end":{"line":16,"column":47}}]},"4":{"type":"branch","line":20,"loc":{"start":{"line":20,"column":0},"end":{"line":26,"column":1}},"locations":[{"start":{"line":20,"column":0},"end":{"line":26,"column":1}}]},"5":{"type":"branch","line":24,"loc":{"start":{"line":24,"column":2},"end":{"line":26,"column":1}},"locations":[{"start":{"line":24,"column":2},"end":{"line":26,"column":1}}]},"6":{"type":"branch","line":28,"loc":{"start":{"line":28,"column":7},"end":{"line":88,"column":1}},"locations":[{"start":{"line":28,"column":7},"end":{"line":88,"column":1}}]},"7":{"type":"branch","line":42,"loc":{"start":{"line":42,"column":38},"end":{"line":49,"column":3}},"locations":[{"start":{"line":42,"column":38},"end":{"line":49,"column":3}}]},"8":{"type":"branch","line":43,"loc":{"start":{"line":43,"column":29},"end":{"line":43,"column":37}},"locations":[{"start":{"line":43,"column":29},"end":{"line":43,"column":37}}]},"9":{"type":"branch","line":43,"loc":{"start":{"line":43,"column":29},"end":{"line":46,"column":32}},"locations":[{"start":{"line":43,"column":29},"end":{"line":46,"column":32}}]},"10":{"type":"branch","line":46,"loc":{"start":{"line":46,"column":24},"end":{"line":46,"column":32}},"locations":[{"start":{"line":46,"column":24},"end":{"line":46,"column":32}}]},"11":{"type":"branch","line":46,"loc":{"start":{"line":46,"column":24},"end":{"line":49,"column":3}},"locations":[{"start":{"line":46,"column":24},"end":{"line":49,"column":3}}]},"12":{"type":"branch","line":53,"loc":{"start":{"line":53,"column":38},"end":{"line":64,"column":3}},"locations":[{"start":{"line":53,"column":38},"end":{"line":64,"column":3}}]},"13":{"type":"branch","line":54,"loc":{"start":{"line":54,"column":29},"end":{"line":54,"column":37}},"locations":[{"start":{"line":54,"column":29},"end":{"line":54,"column":37}}]},"14":{"type":"branch","line":54,"loc":{"start":{"line":54,"column":29},"end":{"line":57,"column":32}},"locations":[{"start":{"line":54,"column":29},"end":{"line":57,"column":32}}]},"15":{"type":"branch","line":57,"loc":{"start":{"line":57,"column":24},"end":{"line":57,"column":32}},"locations":[{"start":{"line":57,"column":24},"end":{"line":57,"column":32}}]},"16":{"type":"branch","line":57,"loc":{"start":{"line":57,"column":24},"end":{"line":61,"column":12}},"locations":[{"start":{"line":57,"column":24},"end":{"line":61,"column":12}}]},"17":{"type":"branch","line":61,"loc":{"start":{"line":61,"column":4},"end":{"line":63,"column":5}},"locations":[{"start":{"line":61,"column":4},"end":{"line":63,"column":5}}]},"18":{"type":"branch","line":70,"loc":{"start":{"line":70,"column":38},"end":{"line":81,"column":3}},"locations":[{"start":{"line":70,"column":38},"end":{"line":81,"column":3}}]},"19":{"type":"branch","line":71,"loc":{"start":{"line":71,"column":29},"end":{"line":71,"column":37}},"locations":[{"start":{"line":71,"column":29},"end":{"line":71,"column":37}}]},"20":{"type":"branch","line":71,"loc":{"start":{"line":71,"column":29},"end":{"line":74,"column":32}},"locations":[{"start":{"line":71,"column":29},"end":{"line":74,"column":32}}]},"21":{"type":"branch","line":74,"loc":{"start":{"line":74,"column":24},"end":{"line":74,"column":32}},"locations":[{"start":{"line":74,"column":24},"end":{"line":74,"column":32}}]},"22":{"type":"branch","line":74,"loc":{"start":{"line":74,"column":24},"end":{"line":80,"column":5}},"locations":[{"start":{"line":74,"column":24},"end":{"line":80,"column":5}}]},"23":{"type":"branch","line":83,"loc":{"start":{"line":83,"column":22},"end":{"line":85,"column":3}},"locations":[{"start":{"line":83,"column":22},"end":{"line":85,"column":3}}]},"24":{"type":"branch","line":85,"loc":{"start":{"line":85,"column":2},"end":{"line":88,"column":1}},"locations":[{"start":{"line":85,"column":2},"end":{"line":88,"column":1}}]}},"b":{"0":[8],"1":[1477],"2":[40],"3":[2467],"4":[9],"5":[0],"6":[3],"7":[4],"8":[1],"9":[3],"10":[0],"11":[3],"12":[4],"13":[1],"14":[3],"15":[0],"16":[3],"17":[0],"18":[4],"19":[1],"20":[3],"21":[0],"22":[3],"23":[2],"24":[1]},"fnMap":{"0":{"name":"hexToBytes","decl":{"start":{"line":6,"column":7},"end":{"line":12,"column":1}},"loc":{"start":{"line":6,"column":7},"end":{"line":12,"column":1}},"line":6},"1":{"name":"bytesToHex","decl":{"start":{"line":14,"column":7},"end":{"line":18,"column":1}},"loc":{"start":{"line":14,"column":7},"end":{"line":18,"column":1}},"line":14},"2":{"name":"getInputScriptHex","decl":{"start":{"line":20,"column":0},"end":{"line":26,"column":1}},"loc":{"start":{"line":20,"column":0},"end":{"line":26,"column":1}},"line":20},"3":{"name":"signPsbt","decl":{"start":{"line":28,"column":7},"end":{"line":88,"column":1}},"loc":{"start":{"line":28,"column":7},"end":{"line":88,"column":1}},"line":28},"4":{"name":"signPurchaseFlow","decl":{"start":{"line":90,"column":7},"end":{"line":134,"column":1}},"loc":{"start":{"line":90,"column":7},"end":{"line":134,"column":1}},"line":90}},"f":{"0":8,"1":40,"2":9,"3":3,"4":0}}
,"/Users/utxodetective/proj/ow/ow-cli/packages/core/src/types.ts": {"path":"/Users/utxodetective/proj/ow/ow-cli/packages/core/src/types.ts","all":true,"statementMap":{},"s":{},"branchMap":{"0":{"type":"branch","line":1,"loc":{"start":{"line":1,"column":450},"end":{"line":24,"column":1}},"locations":[{"start":{"line":1,"column":450},"end":{"line":24,"column":1}}]}},"b":{"0":[1]},"fnMap":{"0":{"name":"(empty-report)","decl":{"start":{"line":1,"column":450},"end":{"line":24,"column":1}},"loc":{"start":{"line":1,"column":450},"end":{"line":24,"column":1}},"line":1}},"f":{"0":1}}
}
